<?xml version="1.0" encoding="UTF-8"?>
<!-- Generated by org.testng.reporters.JUnitReportReporter -->
<testsuite hostname="FFE-Wakchaure-Aniket-Machhindra" failures="0" tests="1" name="addProduct.AddProductToCart" time="9.057" errors="0" timestamp="2025-08-24T22:23:41 IST" skipped="0">
  <testcase classname="addProduct.AddProductToCart" name="addProduct" time="9.057"/>
  <system-out/>
</testsuite> <!-- addProduct.AddProductToCart -->
